2025-12-24 10:30:12,310 | INFO | TradingBot | Bot initialized | symbol=BTC/USDT timeframe=1d
2025-12-24 10:30:12,317 | INFO | TradingBot | Starting trading bot (paper mode)...
2025-12-24 10:30:12,349 | INFO | TradingBot | Fetching market data...
2025-12-24 10:30:12,621 | INFO | TradingBot | Regime=TREND | Intent=FLAT | TrendSignal=FLAT | Volume=251.13444 vs avg=1969.9818075000003
2025-12-24 10:35:46,838 | INFO | TradingBot | Bot initialized | symbol=BTC/USDT timeframe=1d
2025-12-24 10:35:46,845 | INFO | TradingBot | Starting trading bot (paper mode)...
2025-12-24 10:35:46,849 | INFO | TradingBot | Fetching market data...
2025-12-24 10:35:46,907 | INFO | TradingBot | Regime=TREND | Intent=FLAT | TrendSignal=FLAT | Volume=251.13444 vs avg=1969.9818075000003
2025-12-24 10:35:46,919 | INFO | TradingBot | Backup created successfully
2025-12-24 10:40:56,717 | INFO | TradingBot | Bot initialized | symbol=BTC/USDT timeframe=1d
2025-12-24 10:40:56,723 | INFO | TradingBot | Starting trading bot (paper mode)...
2025-12-24 10:40:56,727 | INFO | TradingBot | Fetching market data...
2025-12-24 10:40:56,783 | INFO | TradingBot | Regime=TREND | Intent=FLAT | TrendSignal=FLAT | Volume=251.13444 vs avg=1969.9818075000003
2025-12-24 10:40:56,792 | INFO | TradingBot | Backup created successfully
2025-12-24 10:57:13,189 | INFO | TradingBot | Bot initialized | symbol=BTC/USDT timeframe=1d
2025-12-24 10:57:13,197 | INFO | TradingBot | Starting trading bot (paper mode)...
2025-12-24 10:57:13,206 | INFO | TradingBot | Fetching market data...
2025-12-24 10:57:13,360 | INFO | TradingBot | Regime=TREND | Intent=FLAT | TrendSignal=FLAT | Volume=251.13444 vs avg=1969.9818075000003
2025-12-24 10:57:13,374 | INFO | TradingBot | Backup created successfully
2025-12-24 11:01:01,666 | INFO | TradingBot | Bot initialized | symbol=BTC/USDT timeframe=1d
2025-12-24 11:01:01,672 | INFO | TradingBot | Starting trading bot (paper mode)...
2025-12-24 11:01:01,678 | INFO | TradingBot | Fetching market data...
2025-12-24 11:01:01,754 | INFO | TradingBot | Regime=TREND | Intent=FLAT | TrendSignal=FLAT | Volume=251.13444 vs avg=1969.9818075000003
2025-12-24 11:01:01,766 | INFO | TradingBot | Backup created successfully
2025-12-24 11:06:42,008 | INFO | TradingBot | Bot initialized | symbol=BTC/USDT timeframe=1d
2025-12-24 11:06:42,016 | INFO | TradingBot | Starting trading bot (paper mode)...
2025-12-24 11:06:42,021 | INFO | TradingBot | Fetching market data...
2025-12-24 11:06:42,078 | INFO | TradingBot | Regime=TREND | Intent=FLAT | TrendSignal=FLAT | Volume=251.13444 vs avg=1969.9818075000003
2025-12-24 11:06:42,122 | INFO | TradingBot | Backup created successfully
2025-12-24 11:13:49,077 | INFO | TradingBot | Bot initialized | symbol=BTC/USDT timeframe=1d
2025-12-24 11:13:49,085 | INFO | TradingBot | Starting trading bot (paper mode)...
2025-12-24 11:13:49,091 | INFO | TradingBot | Fetching market data...
2025-12-24 11:13:49,160 | INFO | TradingBot | Regime=TREND | Intent=FLAT | TrendSignal=FLAT | Volume=251.13444 vs avg=1969.9818075000003
2025-12-24 11:13:49,200 | INFO | TradingBot | Backup created successfully
2025-12-24 11:16:04,408 | INFO | TradingBot | Bot initialized | symbol=BTC/USDT timeframe=1d
2025-12-24 11:16:04,415 | INFO | TradingBot | Starting trading bot (paper mode)...
2025-12-24 11:16:04,421 | INFO | TradingBot | Fetching market data...
2025-12-24 11:16:04,479 | INFO | TradingBot | Regime=TREND | Intent=FLAT | TrendSignal=FLAT | Volume=251.13444 vs avg=1969.9818075000003
2025-12-24 11:16:04,511 | INFO | TradingBot | Backup created successfully
2025-12-24 11:19:32,282 | INFO | TradingBot | Bot initialized | symbol=BTC/USDT timeframe=1d
2025-12-24 11:19:32,290 | INFO | TradingBot | Starting trading bot (paper mode)...
2025-12-24 11:19:32,310 | INFO | TradingBot | Fetching market data...
2025-12-24 11:19:32,438 | INFO | TradingBot | Regime=TREND | Intent=FLAT | TrendSignal=FLAT | Volume=251.13444 vs avg=1969.9818075000003
2025-12-24 11:19:32,517 | INFO | TradingBot | Backup created successfully
2025-12-24 11:30:58,322 | INFO | TradingBot | Bot initialized | symbol=BTC/USDT timeframe=1d
2025-12-24 11:30:58,327 | INFO | TradingBot | Starting trading bot (paper mode)...
2025-12-24 11:30:58,331 | INFO | TradingBot | Fetching market data...
2025-12-24 11:30:58,391 | INFO | TradingBot | Regime=TREND | Intent=FLAT | TrendSignal=FLAT | Volume=251.13444 vs avg=1969.9818075000003
2025-12-24 11:30:58,428 | INFO | TradingBot | Backup created successfully
2025-12-24 11:49:20,608 | INFO | TradingBot | Bot initialized | symbol=BTC/USDT timeframe=1d
2025-12-24 11:49:20,612 | INFO | TradingBot | Starting trading bot (paper mode)...
2025-12-24 11:49:20,617 | INFO | TradingBot | Fetching market data...
2025-12-24 11:49:20,701 | INFO | TradingBot | Regime=TREND | Intent=FLAT | TrendSignal=FLAT | Volume=251.13444 vs avg=1969.9818075000003
2025-12-24 11:49:20,740 | INFO | TradingBot | Backup created successfully
2025-12-24 11:50:37,284 | INFO | TradingBot | Bot initialized | symbol=BTC/USDT timeframe=1d
2025-12-24 11:50:37,287 | INFO | TradingBot | Starting trading bot (paper mode)...
2025-12-24 11:50:37,291 | INFO | TradingBot | Fetching market data...
2025-12-24 11:50:37,366 | INFO | TradingBot | Regime=TREND | Intent=FLAT | TrendSignal=FLAT | Volume=251.13444 vs avg=1969.9818075000003
2025-12-24 11:50:37,404 | INFO | TradingBot | Backup created successfully
2025-12-24 12:06:56,962 | INFO | TradingBot | Bot initialized | symbol=BTC/USDT timeframe=1d
2025-12-24 12:06:56,967 | INFO | TradingBot | Starting trading bot (paper mode)...
2025-12-24 12:06:56,975 | INFO | TradingBot | Fetching market data...
2025-12-24 12:06:57,116 | INFO | TradingBot | Regime=TREND | Intent=FLAT | TrendSignal=FLAT | Volume=251.13444 vs avg=1969.9818075000003
2025-12-24 12:06:57,167 | INFO | TradingBot | Backup created successfully
2025-12-24 12:14:52,000 | INFO | TradingBot | Bot initialized | symbol=BTC/USDT timeframe=1d
2025-12-24 12:14:52,002 | INFO | TradingBot | Starting trading bot (paper mode)...
2025-12-24 12:14:52,006 | INFO | TradingBot | Fetching market data...
2025-12-24 12:14:52,061 | INFO | TradingBot | Regime=TREND | Intent=FLAT | TrendSignal=FLAT | Volume=251.13444 vs avg=1969.9818075000003
2025-12-24 12:14:52,085 | INFO | TradingBot | Backup created successfully
2025-12-24 12:15:36,725 | INFO | TradingBot | Bot initialized | symbol=BTC/USDT timeframe=1d
2025-12-24 12:15:36,728 | INFO | TradingBot | Starting trading bot (paper mode)...
2025-12-24 12:15:36,733 | INFO | TradingBot | Fetching market data...
2025-12-24 12:15:36,812 | INFO | TradingBot | Regime=TREND | Intent=FLAT | TrendSignal=FLAT | Volume=251.13444 vs avg=1969.9818075000003
2025-12-24 12:15:36,843 | INFO | TradingBot | Backup created successfully
2025-12-24 12:15:56,704 | INFO | TradingBot | Bot initialized | symbol=BTC/USDT timeframe=1d
2025-12-24 12:15:56,706 | INFO | TradingBot | Starting trading bot (paper mode)...
2025-12-24 12:15:56,710 | INFO | TradingBot | Fetching market data...
2025-12-24 12:15:56,765 | INFO | TradingBot | Regime=TREND | Intent=FLAT | TrendSignal=FLAT | Volume=251.13444 vs avg=1969.9818075000003
2025-12-24 12:15:56,791 | INFO | TradingBot | Backup created successfully
